<?xml version="1.0" encoding="UTF-8"?>
<!-- Generated by org.testng.reporters.JUnitXMLReporter -->
<testsuite ignored="0" hostname="Rachit" failures="0" tests="3" name="Default test" time="20.44" errors="0" timestamp="2026-01-05T18:05:45 IST">
  <testcase classname="com.tests.loginPageTest" name="verifyAboutPageFunctionality" time="8.985"/>
  <testcase classname="com.tests.loginPageTest" name="verifyLogoutFunctionality" time="2.149"/>
  <testcase classname="com.tests.loginPageTest" name="verifySuccessProductOrderE2E" time="2.205"/>
</testsuite> <!-- Default test -->
