<?xml version="1.0" encoding="UTF-8"?>
<testng-results ignored="0" total="1" passed="1" failed="0" skipped="0">
  <reporter-output>
  </reporter-output>
  <suite started-at="2026-01-04T03:10:56 IST" name="Default suite" finished-at="2026-01-04T03:11:04 IST" duration-ms="8055">
    <groups>
    </groups>
    <test started-at="2026-01-04T03:10:56 IST" name="Default test" finished-at="2026-01-04T03:11:04 IST" duration-ms="8055">
      <class name="com.tests.loginPageTest">
        <test-method is-config="true" signature="setUp()[pri:0, instance:com.tests.loginPageTest@74235045]" started-at="2026-01-04T03:10:56 IST" name="setUp" finished-at="2026-01-04T03:10:56 IST" duration-ms="8" status="PASS">
          <reporter-output>
          </reporter-output>
        </test-method> <!-- setUp -->
        <test-method is-config="true" signature="initialize()[pri:0, instance:com.tests.loginPageTest@74235045]" started-at="2026-01-04T03:10:56 IST" name="initialize" finished-at="2026-01-04T03:10:58 IST" duration-ms="2113" status="PASS">
          <reporter-output>
          </reporter-output>
        </test-method> <!-- initialize -->
        <test-method signature="verifySuccessProductOrderE2E()[pri:0, instance:com.tests.loginPageTest@74235045]" started-at="2026-01-04T03:10:58 IST" name="verifySuccessProductOrderE2E" finished-at="2026-01-04T03:11:04 IST" duration-ms="5689" status="PASS">
          <reporter-output>
          </reporter-output>
        </test-method> <!-- verifySuccessProductOrderE2E -->
        <test-method is-config="true" signature="tearDown()[pri:0, instance:com.tests.loginPageTest@74235045]" started-at="2026-01-04T03:11:04 IST" name="tearDown" finished-at="2026-01-04T03:11:04 IST" duration-ms="210" status="PASS">
          <reporter-output>
          </reporter-output>
        </test-method> <!-- tearDown -->
      </class> <!-- com.tests.loginPageTest -->
    </test> <!-- Default test -->
  </suite> <!-- Default suite -->
</testng-results>
