<?xml version="1.0" encoding="UTF-8"?>
<testng-results ignored="0" total="4" passed="3" failed="1" skipped="0">
  <reporter-output>
  </reporter-output>
  <suite started-at="2026-01-06T16:20:51 IST" name="Default suite" finished-at="2026-01-06T16:21:05 IST" duration-ms="14523">
    <groups>
    </groups>
    <test started-at="2026-01-06T16:20:51 IST" name="Default test" finished-at="2026-01-06T16:21:05 IST" duration-ms="14523">
      <class name="com.tests.LoginPageTest">
        <test-method is-config="true" signature="setUp()[pri:0, instance:com.tests.LoginPageTest@62379589]" started-at="2026-01-06T16:20:51 IST" name="setUp" finished-at="2026-01-06T16:20:51 IST" duration-ms="401" status="PASS">
          <reporter-output>
          </reporter-output>
        </test-method> <!-- setUp -->
        <test-method is-config="true" signature="initialize(java.lang.reflect.Method)[pri:0, instance:com.tests.LoginPageTest@62379589]" started-at="2026-01-06T16:20:51 IST" name="initialize" finished-at="2026-01-06T16:20:54 IST" duration-ms="2315" status="PASS">
          <params>
            <param index="0">
              <value>
                <![CDATA[public void com.tests.LoginPageTest.verifyAboutPageFunctionality() throws java.lang.Exception]]>
              </value>
            </param>
          </params>
          <reporter-output>
          </reporter-output>
        </test-method> <!-- initialize -->
        <test-method is-config="true" signature="setupPages()[pri:0, instance:com.tests.LoginPageTest@62379589]" started-at="2026-01-06T16:20:54 IST" name="setupPages" finished-at="2026-01-06T16:20:54 IST" duration-ms="8" status="PASS">
          <reporter-output>
          </reporter-output>
        </test-method> <!-- setupPages -->
        <test-method signature="verifyAboutPageFunctionality()[pri:0, instance:com.tests.LoginPageTest@62379589]" started-at="2026-01-06T16:20:54 IST" name="verifyAboutPageFunctionality" finished-at="2026-01-06T16:20:58 IST" duration-ms="4389" status="PASS">
          <reporter-output>
          </reporter-output>
        </test-method> <!-- verifyAboutPageFunctionality -->
        <test-method is-config="true" signature="tearDown(org.testng.ITestResult)[pri:0, instance:com.tests.LoginPageTest@62379589]" started-at="2026-01-06T16:20:58 IST" name="tearDown" finished-at="2026-01-06T16:20:58 IST" duration-ms="251" status="PASS">
          <params>
            <param index="0">
              <value>
                <![CDATA[[TestResult name=verifyAboutPageFunctionality status=SUCCESS method=LoginPageTest.verifyAboutPageFunctionality()[pri:0, instance:com.tests.LoginPageTest@62379589] output={null}]]]>
              </value>
            </param>
          </params>
          <reporter-output>
          </reporter-output>
        </test-method> <!-- tearDown -->
        <test-method signature="verifyHamburgerMenuOptions(java.util.List,java.util.List)[pri:0, instance:com.tests.LoginPageTest@62379589]" started-at="2026-01-06T16:20:58 IST" name="verifyHamburgerMenuOptions" finished-at="2026-01-06T16:20:58 IST" duration-ms="0" status="FAIL">
          <exception class="org.testng.TestNGException">
            <message>
              <![CDATA[
Cannot inject @Test annotated Method [verifyHamburgerMenuOptions] with [interface java.util.List, interface java.util.List].
For more information on native dependency injection please refer to https://testng.org/#_dependency_injection]]>
            </message>
            <full-stacktrace>
              <![CDATA[org.testng.TestNGException: 
Cannot inject @Test annotated Method [verifyHamburgerMenuOptions] with [interface java.util.List, interface java.util.List].
For more information on native dependency injection please refer to https://testng.org/#_dependency_injection
at org.testng.internal.Parameters.checkParameterTypes(Parameters.java:442)
at org.testng.internal.Parameters.createParametersForMethod(Parameters.java:347)
at org.testng.internal.Parameters.createParameters(Parameters.java:699)
at org.testng.internal.Parameters.handleParameters(Parameters.java:885)
at org.testng.internal.Parameters.handleParameters(Parameters.java:734)
at org.testng.internal.invokers.ParameterHandler.handleParameters(ParameterHandler.java:72)
at org.testng.internal.invokers.ParameterHandler.createParameters(ParameterHandler.java:51)
at org.testng.internal.invokers.TestInvoker$MethodInvocationAgent.invoke(TestInvoker.java:949)
at org.testng.internal.invokers.TestInvoker.invokeTestMethods(TestInvoker.java:203)
at org.testng.internal.invokers.TestMethodWorker.invokeTestMethods(TestMethodWorker.java:154)
at org.testng.internal.invokers.TestMethodWorker.run(TestMethodWorker.java:134)
at java.base/java.util.ArrayList.forEach(ArrayList.java:1511)
at org.testng.TestRunner.privateRun(TestRunner.java:741)
at org.testng.TestRunner.run(TestRunner.java:616)
at org.testng.SuiteRunner.runTest(SuiteRunner.java:421)
at org.testng.SuiteRunner.runSequentially(SuiteRunner.java:413)
at org.testng.SuiteRunner.privateRun(SuiteRunner.java:373)
at org.testng.SuiteRunner.run(SuiteRunner.java:312)
at org.testng.SuiteRunnerWorker.runSuite(SuiteRunnerWorker.java:52)
at org.testng.SuiteRunnerWorker.run(SuiteRunnerWorker.java:95)
at org.testng.TestNG.runSuitesSequentially(TestNG.java:1274)
at org.testng.TestNG.runSuitesLocally(TestNG.java:1208)
at org.testng.TestNG.runSuites(TestNG.java:1112)
at org.testng.TestNG.run(TestNG.java:1079)
at org.testng.remote.AbstractRemoteTestNG.run(AbstractRemoteTestNG.java:115)
at org.testng.remote.RemoteTestNG.initAndRun(RemoteTestNG.java:293)
at org.testng.remote.RemoteTestNG.main(RemoteTestNG.java:91)
]]>
            </full-stacktrace>
          </exception> <!-- org.testng.TestNGException -->
          <reporter-output>
          </reporter-output>
        </test-method> <!-- verifyHamburgerMenuOptions -->
        <test-method is-config="true" signature="initialize(java.lang.reflect.Method)[pri:0, instance:com.tests.LoginPageTest@62379589]" started-at="2026-01-06T16:20:58 IST" name="initialize" finished-at="2026-01-06T16:21:00 IST" duration-ms="1602" status="PASS">
          <params>
            <param index="0">
              <value>
                <![CDATA[public void com.tests.LoginPageTest.verifyLogoutFunctionality() throws java.lang.Exception]]>
              </value>
            </param>
          </params>
          <reporter-output>
          </reporter-output>
        </test-method> <!-- initialize -->
        <test-method signature="verifyLogoutFunctionality()[pri:0, instance:com.tests.LoginPageTest@62379589]" started-at="2026-01-06T16:21:00 IST" name="verifyLogoutFunctionality" finished-at="2026-01-06T16:21:01 IST" duration-ms="981" status="PASS">
          <reporter-output>
          </reporter-output>
        </test-method> <!-- verifyLogoutFunctionality -->
        <test-method is-config="true" signature="setupPages()[pri:0, instance:com.tests.LoginPageTest@62379589]" started-at="2026-01-06T16:21:00 IST" name="setupPages" finished-at="2026-01-06T16:21:00 IST" duration-ms="0" status="PASS">
          <reporter-output>
          </reporter-output>
        </test-method> <!-- setupPages -->
        <test-method is-config="true" signature="tearDown(org.testng.ITestResult)[pri:0, instance:com.tests.LoginPageTest@62379589]" started-at="2026-01-06T16:21:01 IST" name="tearDown" finished-at="2026-01-06T16:21:01 IST" duration-ms="179" status="PASS">
          <params>
            <param index="0">
              <value>
                <![CDATA[[TestResult name=verifyLogoutFunctionality status=SUCCESS method=LoginPageTest.verifyLogoutFunctionality()[pri:0, instance:com.tests.LoginPageTest@62379589] output={null}]]]>
              </value>
            </param>
          </params>
          <reporter-output>
          </reporter-output>
        </test-method> <!-- tearDown -->
        <test-method is-config="true" signature="initialize(java.lang.reflect.Method)[pri:0, instance:com.tests.LoginPageTest@62379589]" started-at="2026-01-06T16:21:01 IST" name="initialize" finished-at="2026-01-06T16:21:03 IST" duration-ms="1458" status="PASS">
          <params>
            <param index="0">
              <value>
                <![CDATA[public void com.tests.LoginPageTest.verifySuccessProductOrderE2E() throws java.lang.InterruptedException]]>
              </value>
            </param>
          </params>
          <reporter-output>
          </reporter-output>
        </test-method> <!-- initialize -->
        <test-method is-config="true" signature="setupPages()[pri:0, instance:com.tests.LoginPageTest@62379589]" started-at="2026-01-06T16:21:03 IST" name="setupPages" finished-at="2026-01-06T16:21:03 IST" duration-ms="1" status="PASS">
          <reporter-output>
          </reporter-output>
        </test-method> <!-- setupPages -->
        <test-method signature="verifySuccessProductOrderE2E()[pri:0, instance:com.tests.LoginPageTest@62379589]" started-at="2026-01-06T16:21:03 IST" name="verifySuccessProductOrderE2E" finished-at="2026-01-06T16:21:05 IST" duration-ms="2265" status="PASS">
          <reporter-output>
          </reporter-output>
        </test-method> <!-- verifySuccessProductOrderE2E -->
        <test-method is-config="true" signature="tearDown(org.testng.ITestResult)[pri:0, instance:com.tests.LoginPageTest@62379589]" started-at="2026-01-06T16:21:05 IST" name="tearDown" finished-at="2026-01-06T16:21:05 IST" duration-ms="217" status="PASS">
          <params>
            <param index="0">
              <value>
                <![CDATA[[TestResult name=verifySuccessProductOrderE2E status=SUCCESS method=LoginPageTest.verifySuccessProductOrderE2E()[pri:0, instance:com.tests.LoginPageTest@62379589] output={null}]]]>
              </value>
            </param>
          </params>
          <reporter-output>
          </reporter-output>
        </test-method> <!-- tearDown -->
        <test-method is-config="true" signature="closeReport()[pri:0, instance:com.tests.LoginPageTest@62379589]" started-at="2026-01-06T16:21:05 IST" name="closeReport" finished-at="2026-01-06T16:21:05 IST" duration-ms="375" status="PASS">
          <reporter-output>
          </reporter-output>
        </test-method> <!-- closeReport -->
      </class> <!-- com.tests.LoginPageTest -->
    </test> <!-- Default test -->
  </suite> <!-- Default suite -->
</testng-results>
