<?xml version="1.0" encoding="UTF-8"?>
<!-- Generated by org.testng.reporters.JUnitReportReporter -->
<testsuite hostname="Rachit" failures="0" tests="3" name="com.tests.LoginPageTest" time="14.201" errors="0" timestamp="2026-01-06T12:46:28 IST" skipped="0">
  <testcase classname="com.tests.LoginPageTest" name="verifyLogoutFunctionality" time="2.924"/>
  <testcase classname="com.tests.LoginPageTest" name="verifyAboutPageFunctionality" time="7.052"/>
  <testcase classname="com.tests.LoginPageTest" name="verifySuccessProductOrderE2E" time="4.225"/>
</testsuite> <!-- com.tests.LoginPageTest -->
