<?xml version="1.0" encoding="UTF-8"?>
<!-- Generated by org.testng.reporters.JUnitReportReporter -->
<testsuite hostname="Rachit" failures="0" tests="3" name="com.tests.loginPageTest" time="19.708" errors="0" timestamp="2026-01-05T18:05:45 IST" skipped="0">
  <testcase classname="com.tests.loginPageTest" name="verifyAboutPageFunctionality" time="10.923"/>
  <testcase classname="com.tests.loginPageTest" name="verifySuccessProductOrderE2E" time="4.611"/>
  <testcase classname="com.tests.loginPageTest" name="verifyLogoutFunctionality" time="4.174"/>
</testsuite> <!-- com.tests.loginPageTest -->
